<?xml version="1.0" encoding="UTF-8"?>
<!-- Generated by org.testng.reporters.JUnitReportReporter -->
<testsuite hostname="DESKTOP-SSUVON0" failures="0" tests="1" name="Exercise.Hack.dummy" time="16.945" errors="0" timestamp="2021-05-10T15:55:15 IST" skipped="0">
  <testcase classname="Exercise.Hack.dummy" name="dummy1" time="16.945"/>
  <system-out/>
</testsuite> <!-- Exercise.Hack.dummy -->
