<?xml version="1.0" encoding="UTF-8"?>
<!-- Generated by org.testng.reporters.JUnitReportReporter -->
<testsuite hostname="DESKTOP-SSUVON0" failures="0" tests="1" name="Exercise.Hack.dummyTest" time="12.979" errors="0" timestamp="2021-05-11T12:55:02 IST" skipped="0">
  <testcase classname="Exercise.Hack.dummyTest" name="dummy1" time="12.979"/>
  <system-out/>
</testsuite> <!-- Exercise.Hack.dummyTest -->
